<?xml version="1.0" encoding="UTF-8"?>
<!-- Generated by org.testng.reporters.JUnitXMLReporter -->
<testsuite ignored="0" hostname="DESKTOP-JBF6JAC" failures="0" tests="6" name="Test" time="0.071" errors="0" timestamp="03 Apr 2019 17:10:01 GMT">
  <testcase classname="seleniumTest.Demo2Test" name="DemoB" time="0.013"/>
  <testcase classname="seleniumTest.Demo2Test" name="DemoB1" time="0.0"/>
  <testcase classname="seleniumTest.Demo3Test" name="DemoC" time="0.0"/>
  <testcase classname="seleniumTest.Demo3Test" name="DemoC1" time="0.0"/>
  <testcase classname="seleniumTest.Demo1Test" name="DemoA" time="0.001"/>
  <testcase classname="seleniumTest.Demo1Test" name="DemoA1" time="0.0"/>
</testsuite> <!-- Test -->
