<?xml version="1.0" encoding="UTF-8"?>
<testng-results skipped="0" failed="0" ignored="0" total="1" passed="1">
  <reporter-output>
  </reporter-output>
  <suite name="Default suite" duration-ms="9098" started-at="2019-04-08T10:19:43Z" finished-at="2019-04-08T10:19:52Z">
    <groups>
    </groups>
    <test name="Default test" duration-ms="9098" started-at="2019-04-08T10:19:43Z" finished-at="2019-04-08T10:19:52Z">
      <class name="seleniumTest.SalesForce">
        <test-method status="PASS" signature="Login()[pri:0, instance:seleniumTest.SalesForce@68c4039c]" name="Login" duration-ms="9053" started-at="2019-04-08T10:19:43Z" finished-at="2019-04-08T10:19:52Z">
          <reporter-output>
          </reporter-output>
        </test-method> <!-- Login -->
      </class> <!-- seleniumTest.SalesForce -->
    </test> <!-- Default test -->
  </suite> <!-- Default suite -->
</testng-results>
